<?xml version="1.0" encoding="UTF-8"?>
<!-- Generated by org.testng.reporters.JUnitReportReporter -->
<testsuite hostname="Foysal.lan" failures="0" tests="1" name="tests.GetPostRestAssured" time="1.086" errors="0" timestamp="2023-06-15T18:44:07 EDT" skipped="0">
  <testcase classname="tests.GetPostRestAssured" name="putTest" time="1.086"/>
  <system-out/>
</testsuite> <!-- tests.GetPostRestAssured -->
